<?xml version="1.0" encoding="UTF-8"?>
<testng-results ignored="0" total="1" passed="1" failed="0" skipped="0">
  <reporter-output>
    <line>
      <![CDATA[Assert Pass: Correct date]]>
    </line>
  </reporter-output>
  <suite started-at="2022-03-25T07:31:14Z" name="Default suite" finished-at="2022-03-25T07:31:26Z" duration-ms="12352">
    <groups>
    </groups>
    <test started-at="2022-03-25T07:31:14Z" name="Default test" finished-at="2022-03-25T07:31:26Z" duration-ms="12352">
      <class name="com.testng.makemytrip">
        <test-method is-config="true" signature="initialize()[pri:0, instance:com.testng.makemytrip@258d79be]" started-at="2022-03-25T07:31:14Z" name="initialize" finished-at="2022-03-25T07:31:26Z" duration-ms="12220" status="PASS">
          <reporter-output>
          </reporter-output>
        </test-method> <!-- initialize -->
        <test-method signature="step_4_date()[pri:0, instance:com.testng.makemytrip@258d79be]" started-at="2022-03-25T07:31:26Z" name="step_4_date" finished-at="2022-03-25T07:31:26Z" duration-ms="83" status="PASS">
          <reporter-output>
            <line>
              <![CDATA[Assert Pass: Correct date]]>
            </line>
          </reporter-output>
        </test-method> <!-- step_4_date -->
      </class> <!-- com.testng.makemytrip -->
    </test> <!-- Default test -->
  </suite> <!-- Default suite -->
</testng-results>
