<?xml version="1.0" encoding="UTF-8"?>
<testng-results ignored="0" total="1" passed="1" failed="0" skipped="0">
  <reporter-output>
  </reporter-output>
  <suite started-at="2022-03-25T12:32:46Z" name="Default suite" finished-at="2022-03-25T12:32:56Z" duration-ms="9708">
    <groups>
    </groups>
    <test started-at="2022-03-25T12:32:46Z" name="Default test" finished-at="2022-03-25T12:32:56Z" duration-ms="9708">
      <class name="com.testng.fill_form">
        <test-method is-config="true" signature="initialize()[pri:0, instance:com.testng.fill_form@282cb7c7]" started-at="2022-03-25T12:32:46Z" name="initialize" finished-at="2022-03-25T12:32:52Z" duration-ms="5433" status="PASS">
          <reporter-output>
          </reporter-output>
        </test-method> <!-- initialize -->
        <test-method signature="form_details()[pri:0, instance:com.testng.fill_form@282cb7c7]" started-at="2022-03-25T12:32:52Z" name="form_details" finished-at="2022-03-25T12:32:56Z" duration-ms="4234" status="PASS">
          <reporter-output>
          </reporter-output>
        </test-method> <!-- form_details -->
      </class> <!-- com.testng.fill_form -->
    </test> <!-- Default test -->
  </suite> <!-- Default suite -->
</testng-results>
