<?xml version="1.0" encoding="UTF-8"?>
<!-- Generated by org.testng.reporters.JUnitReportReporter -->
<testsuite hostname="QT-INNO-LT1142" failures="0" tests="5" name="com.testng.Assignment_Drag_and_Drop" time="0.555" errors="0" timestamp="25 Mar 2022 11:37:40 GMT" skipped="0">
  <testcase classname="com.testng.Assignment_Drag_and_Drop" name="step_2_dropabblebox" time="0.060"/>
  <testcase classname="com.testng.Assignment_Drag_and_Drop" name="step_4_colorchange" time="0.010"/>
  <testcase classname="com.testng.Assignment_Drag_and_Drop" name="step_1_draggablebox" time="0.138"/>
  <testcase classname="com.testng.Assignment_Drag_and_Drop" name="step_3_drag_source_to_target" time="0.327"/>
  <testcase classname="com.testng.Assignment_Drag_and_Drop" name="step_5_textchange" time="0.020"/>
</testsuite> <!-- com.testng.Assignment_Drag_and_Drop -->
